<?xml version="1.0" encoding="UTF-8"?>
<!-- Generated by org.testng.reporters.JUnitXMLReporter -->
<testsuite ignored="5" hostname="syeds-MacBook-Pro.local" failures="1" tests="1" name="Test" time="15.742" errors="0" timestamp="2022-04-20T17:27:10 IST">
  <testcase classname="com.myA1store.testcases.IndexPageTest" name="verifyLogo" time="0.13">
    <failure type="java.lang.AssertionError" message="expected [true] but found [false]">
      <![CDATA[java.lang.AssertionError: expected [true] but found [false]
at com.myA1store.testcases.IndexPageTest.verifyLogo(IndexPageTest.java:54)
at java.base/java.util.ArrayList.forEach(ArrayList.java:1541)
... Removed 31 stack frames]]>
    </failure>
  </testcase> <!-- verifyLogo -->
  <testcase classname="com.myA1store.base.Base" name="@BeforeSuite extentRep" time="0.0">
    <ignored/>
  </testcase> <!-- @BeforeSuite extentRep -->
  <testcase classname="com.myA1store.base.Base" name="@BeforeTest loadConfig" time="0.0">
    <ignored/>
  </testcase> <!-- @BeforeTest loadConfig -->
  <testcase classname="com.myA1store.testcases.LoginPageTest" name="verifyLogin" time="0.0">
    <ignored/>
  </testcase> <!-- verifyLogin -->
  <testcase classname="com.myA1store.base.Base" name="@AfterSuite afterSuit" time="0.0">
    <ignored/>
  </testcase> <!-- @AfterSuite afterSuit -->
  <testcase classname="com.myA1store.testcases.IndexPageTest" name="verfiyTitle" time="0.0">
    <ignored/>
  </testcase> <!-- verfiyTitle -->
</testsuite> <!-- Test -->
