<?xml version="1.0" encoding="UTF-8"?>
<!-- Generated by org.testng.reporters.JUnitXMLReporter -->
<testsuite ignored="0" hostname="syeds-MacBook-Pro.local" failures="0" tests="2" name="SafariTest" time="3.202" errors="0" timestamp="2022-04-19T11:51:00 IST">
  <testcase classname="com.myA1store.testcases.IndexPageTest" name="@BeforeMethod setup" time="3.132">
    <failure type="org.openqa.selenium.WebDriverException" message="Cannot find firefox binary in PATH. Make sure firefox is installed. OS appears to be: MAC
Build info: version: &amp;apos;4.1.1&amp;apos;, revision: &amp;apos;e8fcc2cecf&amp;apos;
System info: host: &amp;apos;syeds-MacBook-Pro.local&amp;apos;, ip: &amp;apos;2401:4900:1c26:6e35:281e:cb51:dc03:4eed%en0&amp;apos;, os.name: &amp;apos;Mac OS X&amp;apos;, os.arch: &amp;apos;x86_64&amp;apos;, os.version: &amp;apos;11.5&amp;apos;, java.version: &amp;apos;11.0.13&amp;apos;
Driver info: driver.version: FirefoxDriver">
      <![CDATA[org.openqa.selenium.WebDriverException: Cannot find firefox binary in PATH. Make sure firefox is installed. OS appears to be: MAC
Build info: version: '4.1.1', revision: 'e8fcc2cecf'
System info: host: 'syeds-MacBook-Pro.local', ip: '2401:4900:1c26:6e35:281e:cb51:dc03:4eed%en0', os.name: 'Mac OS X', os.arch: 'x86_64', os.version: '11.5', java.version: '11.0.13'
Driver info: driver.version: FirefoxDriver
at org.openqa.selenium.firefox.FirefoxBinary.<init>(FirefoxBinary.java:95)
at java.base/java.util.Optional.orElseGet(Optional.java:369)
at org.openqa.selenium.firefox.FirefoxOptions.getBinary(FirefoxOptions.java:189)
at org.openqa.selenium.firefox.GeckoDriverService$Builder.withOptions(GeckoDriverService.java:179)
at org.openqa.selenium.firefox.FirefoxDriver.toExecutor(FirefoxDriver.java:232)
at org.openqa.selenium.firefox.FirefoxDriver.<init>(FirefoxDriver.java:186)
at org.openqa.selenium.firefox.FirefoxDriver.<init>(FirefoxDriver.java:164)
at com.myA1store.base.Base.lauchApp(Base.java:54)
at com.myA1store.testcases.IndexPageTest.setup(IndexPageTest.java:28)
at java.base/java.util.ArrayList.forEach(ArrayList.java:1541)
... Removed 31 stack frames]]>
    </failure>
  </testcase> <!-- @BeforeMethod setup -->
  <testcase classname="com.myA1store.testcases.IndexPageTest" name="@AfterMethod teardown" time="-1.650349260648E9">
    <skipped/>
  </testcase> <!-- @AfterMethod teardown -->
  <testcase classname="com.myA1store.testcases.IndexPageTest" name="@BeforeMethod setup" time="-1.650349260656E9">
    <skipped/>
  </testcase> <!-- @BeforeMethod setup -->
  <testcase classname="com.myA1store.testcases.IndexPageTest" name="@AfterMethod teardown" time="-1.650349260668E9">
    <skipped/>
  </testcase> <!-- @AfterMethod teardown -->
  <testcase classname="com.myA1store.testcases.IndexPageTest" name="verfiyTitle" time="0.0">
    <skipped/>
  </testcase> <!-- verfiyTitle -->
  <testcase classname="com.myA1store.testcases.IndexPageTest" name="verifyLogo" time="0.0">
    <skipped/>
  </testcase> <!-- verifyLogo -->
</testsuite> <!-- SafariTest -->
